[2023-01-30 19:09:37] local.ERROR: SQLSTATE[42S02]: Base table or view not found: 1146 Table 'portal_qamtu.telescope_entries' doesn't exist (SQL: insert into `telescope_entries` (`batch_id`, `content`, `created_at`, `family_hash`, `type`, `uuid`) values (98592d32-16e6-4a55-b49e-0293632508b8, {"command":"vendor:publish","exit_code":0,"arguments":{"command":"vendor:publish"},"options":{"force":true,"all":false,"provider":null,"tag":["laravel-assets"],"help":false,"quiet":false,"verbose":false,"version":false,"ansi":true,"no-interaction":false,"env":null},"hostname":"legion"}, 2023-01-30 19:09:37, ?, command, 98592d32-15eb-4f14-b17d-6722a3cf0a1e)) {"exception":"[object] (Illuminate\\Database\\QueryException(code: 42S02): SQLSTATE[42S02]: Base table or view not found: 1146 Table 'portal_qamtu.telescope_entries' doesn't exist (SQL: insert into `telescope_entries` (`batch_id`, `content`, `created_at`, `family_hash`, `type`, `uuid`) values (98592d32-16e6-4a55-b49e-0293632508b8, {\"command\":\"vendor:publish\",\"exit_code\":0,\"arguments\":{\"command\":\"vendor:publish\"},\"options\":{\"force\":true,\"all\":false,\"provider\":null,\"tag\":[\"laravel-assets\"],\"help\":false,\"quiet\":false,\"verbose\":false,\"version\":false,\"ansi\":true,\"no-interaction\":false,\"env\":null},\"hostname\":\"legion\"}, 2023-01-30 19:09:37, ?, command, 98592d32-15eb-4f14-b17d-6722a3cf0a1e)) at /home/tobirama/Desktop/project/mediana_deploy_projects/QamtuUser/vendor/laravel/framework/src/Illuminate/Database/Connection.php:712)
[stacktrace]
#0 /home/tobirama/Desktop/project/mediana_deploy_projects/QamtuUser/vendor/laravel/framework/src/Illuminate/Database/Connection.php(672): Illuminate\\Database\\Connection->runQueryCallback()
#1 /home/tobirama/Desktop/project/mediana_deploy_projects/QamtuUser/vendor/laravel/framework/src/Illuminate/Database/Connection.php(502): Illuminate\\Database\\Connection->run()
#2 /home/tobirama/Desktop/project/mediana_deploy_projects/QamtuUser/vendor/laravel/framework/src/Illuminate/Database/Connection.php(454): Illuminate\\Database\\Connection->statement()
#3 /home/tobirama/Desktop/project/mediana_deploy_projects/QamtuUser/vendor/laravel/framework/src/Illuminate/Database/Query/Builder.php(2980): Illuminate\\Database\\Connection->insert()
#4 /home/tobirama/Desktop/project/mediana_deploy_projects/QamtuUser/vendor/laravel/telescope/src/Storage/DatabaseEntriesRepository.php(148): Illuminate\\Database\\Query\\Builder->insert()
#5 /home/tobirama/Desktop/project/mediana_deploy_projects/QamtuUser/vendor/laravel/framework/src/Illuminate/Collections/Traits/EnumeratesValues.php(245): Laravel\\Telescope\\Storage\\DatabaseEntriesRepository->Laravel\\Telescope\\Storage\\{closure}()
#6 /home/tobirama/Desktop/project/mediana_deploy_projects/QamtuUser/vendor/laravel/telescope/src/Storage/DatabaseEntriesRepository.php(149): Illuminate\\Support\\Collection->each()
#7 /home/tobirama/Desktop/project/mediana_deploy_projects/QamtuUser/vendor/laravel/telescope/src/Telescope.php(663): Laravel\\Telescope\\Storage\\DatabaseEntriesRepository->store()
#8 [internal function]: Laravel\\Telescope\\Telescope::Laravel\\Telescope\\{closure}()
#9 /home/tobirama/Desktop/project/mediana_deploy_projects/QamtuUser/vendor/laravel/telescope/src/Telescope.php(284): call_user_func()
#10 /home/tobirama/Desktop/project/mediana_deploy_projects/QamtuUser/vendor/laravel/telescope/src/Telescope.php(674): Laravel\\Telescope\\Telescope::withoutRecording()
#11 /home/tobirama/Desktop/project/mediana_deploy_projects/QamtuUser/vendor/laravel/telescope/src/ListensForStorageOpportunities.php(65): Laravel\\Telescope\\Telescope::store()
#12 /home/tobirama/Desktop/project/mediana_deploy_projects/QamtuUser/vendor/laravel/framework/src/Illuminate/Container/BoundMethod.php(36): Laravel\\Telescope\\Telescope::Laravel\\Telescope\\{closure}()
#13 /home/tobirama/Desktop/project/mediana_deploy_projects/QamtuUser/vendor/laravel/framework/src/Illuminate/Container/Util.php(40): Illuminate\\Container\\BoundMethod::Illuminate\\Container\\{closure}()
#14 /home/tobirama/Desktop/project/mediana_deploy_projects/QamtuUser/vendor/laravel/framework/src/Illuminate/Container/BoundMethod.php(81): Illuminate\\Container\\Util::unwrapIfClosure()
#15 /home/tobirama/Desktop/project/mediana_deploy_projects/QamtuUser/vendor/laravel/framework/src/Illuminate/Container/BoundMethod.php(37): Illuminate\\Container\\BoundMethod::callBoundMethod()
#16 /home/tobirama/Desktop/project/mediana_deploy_projects/QamtuUser/vendor/laravel/framework/src/Illuminate/Container/Container.php(653): Illuminate\\Container\\BoundMethod::call()
#17 /home/tobirama/Desktop/project/mediana_deploy_projects/QamtuUser/vendor/laravel/framework/src/Illuminate/Foundation/Application.php(1158): Illuminate\\Container\\Container->call()
#18 /home/tobirama/Desktop/project/mediana_deploy_projects/QamtuUser/vendor/laravel/framework/src/Illuminate/Foundation/Console/Kernel.php(148): Illuminate\\Foundation\\Application->terminate()
#19 /home/tobirama/Desktop/project/mediana_deploy_projects/QamtuUser/artisan(51): Illuminate\\Foundation\\Console\\Kernel->terminate()
#20 {main}

[previous exception] [object] (PDOException(code: 42S02): SQLSTATE[42S02]: Base table or view not found: 1146 Table 'portal_qamtu.telescope_entries' doesn't exist at /home/tobirama/Desktop/project/mediana_deploy_projects/QamtuUser/vendor/laravel/framework/src/Illuminate/Database/Connection.php:495)
[stacktrace]
#0 /home/tobirama/Desktop/project/mediana_deploy_projects/QamtuUser/vendor/laravel/framework/src/Illuminate/Database/Connection.php(495): PDO->prepare()
#1 /home/tobirama/Desktop/project/mediana_deploy_projects/QamtuUser/vendor/laravel/framework/src/Illuminate/Database/Connection.php(705): Illuminate\\Database\\Connection->Illuminate\\Database\\{closure}()
#2 /home/tobirama/Desktop/project/mediana_deploy_projects/QamtuUser/vendor/laravel/framework/src/Illuminate/Database/Connection.php(672): Illuminate\\Database\\Connection->runQueryCallback()
#3 /home/tobirama/Desktop/project/mediana_deploy_projects/QamtuUser/vendor/laravel/framework/src/Illuminate/Database/Connection.php(502): Illuminate\\Database\\Connection->run()
#4 /home/tobirama/Desktop/project/mediana_deploy_projects/QamtuUser/vendor/laravel/framework/src/Illuminate/Database/Connection.php(454): Illuminate\\Database\\Connection->statement()
#5 /home/tobirama/Desktop/project/mediana_deploy_projects/QamtuUser/vendor/laravel/framework/src/Illuminate/Database/Query/Builder.php(2980): Illuminate\\Database\\Connection->insert()
#6 /home/tobirama/Desktop/project/mediana_deploy_projects/QamtuUser/vendor/laravel/telescope/src/Storage/DatabaseEntriesRepository.php(148): Illuminate\\Database\\Query\\Builder->insert()
#7 /home/tobirama/Desktop/project/mediana_deploy_projects/QamtuUser/vendor/laravel/framework/src/Illuminate/Collections/Traits/EnumeratesValues.php(245): Laravel\\Telescope\\Storage\\DatabaseEntriesRepository->Laravel\\Telescope\\Storage\\{closure}()
#8 /home/tobirama/Desktop/project/mediana_deploy_projects/QamtuUser/vendor/laravel/telescope/src/Storage/DatabaseEntriesRepository.php(149): Illuminate\\Support\\Collection->each()
#9 /home/tobirama/Desktop/project/mediana_deploy_projects/QamtuUser/vendor/laravel/telescope/src/Telescope.php(663): Laravel\\Telescope\\Storage\\DatabaseEntriesRepository->store()
#10 [internal function]: Laravel\\Telescope\\Telescope::Laravel\\Telescope\\{closure}()
#11 /home/tobirama/Desktop/project/mediana_deploy_projects/QamtuUser/vendor/laravel/telescope/src/Telescope.php(284): call_user_func()
#12 /home/tobirama/Desktop/project/mediana_deploy_projects/QamtuUser/vendor/laravel/telescope/src/Telescope.php(674): Laravel\\Telescope\\Telescope::withoutRecording()
#13 /home/tobirama/Desktop/project/mediana_deploy_projects/QamtuUser/vendor/laravel/telescope/src/ListensForStorageOpportunities.php(65): Laravel\\Telescope\\Telescope::store()
#14 /home/tobirama/Desktop/project/mediana_deploy_projects/QamtuUser/vendor/laravel/framework/src/Illuminate/Container/BoundMethod.php(36): Laravel\\Telescope\\Telescope::Laravel\\Telescope\\{closure}()
#15 /home/tobirama/Desktop/project/mediana_deploy_projects/QamtuUser/vendor/laravel/framework/src/Illuminate/Container/Util.php(40): Illuminate\\Container\\BoundMethod::Illuminate\\Container\\{closure}()
#16 /home/tobirama/Desktop/project/mediana_deploy_projects/QamtuUser/vendor/laravel/framework/src/Illuminate/Container/BoundMethod.php(81): Illuminate\\Container\\Util::unwrapIfClosure()
#17 /home/tobirama/Desktop/project/mediana_deploy_projects/QamtuUser/vendor/laravel/framework/src/Illuminate/Container/BoundMethod.php(37): Illuminate\\Container\\BoundMethod::callBoundMethod()
#18 /home/tobirama/Desktop/project/mediana_deploy_projects/QamtuUser/vendor/laravel/framework/src/Illuminate/Container/Container.php(653): Illuminate\\Container\\BoundMethod::call()
#19 /home/tobirama/Desktop/project/mediana_deploy_projects/QamtuUser/vendor/laravel/framework/src/Illuminate/Foundation/Application.php(1158): Illuminate\\Container\\Container->call()
#20 /home/tobirama/Desktop/project/mediana_deploy_projects/QamtuUser/vendor/laravel/framework/src/Illuminate/Foundation/Console/Kernel.php(148): Illuminate\\Foundation\\Application->terminate()
#21 /home/tobirama/Desktop/project/mediana_deploy_projects/QamtuUser/artisan(51): Illuminate\\Foundation\\Console\\Kernel->terminate()
#22 {main}
"} 
[2023-01-30 19:10:19] local.ERROR: SQLSTATE[42S02]: Base table or view not found: 1146 Table 'portal_qamtu.telescope_entries' doesn't exist (SQL: insert into `telescope_entries` (`batch_id`, `content`, `created_at`, `family_hash`, `type`, `uuid`) values (98592d71-bcd5-41c2-b8fe-058074fdc2b3, {"command":"telescope:install","exit_code":0,"arguments":{"command":"telescope:install"},"options":{"help":false,"quiet":false,"verbose":false,"version":false,"ansi":null,"no-interaction":false,"env":null},"hostname":"legion"}, 2023-01-30 19:10:19, ?, command, 98592d71-bbd8-4c20-9a53-e936d995d85f)) {"exception":"[object] (Illuminate\\Database\\QueryException(code: 42S02): SQLSTATE[42S02]: Base table or view not found: 1146 Table 'portal_qamtu.telescope_entries' doesn't exist (SQL: insert into `telescope_entries` (`batch_id`, `content`, `created_at`, `family_hash`, `type`, `uuid`) values (98592d71-bcd5-41c2-b8fe-058074fdc2b3, {\"command\":\"telescope:install\",\"exit_code\":0,\"arguments\":{\"command\":\"telescope:install\"},\"options\":{\"help\":false,\"quiet\":false,\"verbose\":false,\"version\":false,\"ansi\":null,\"no-interaction\":false,\"env\":null},\"hostname\":\"legion\"}, 2023-01-30 19:10:19, ?, command, 98592d71-bbd8-4c20-9a53-e936d995d85f)) at /home/tobirama/Desktop/project/mediana_deploy_projects/QamtuUser/vendor/laravel/framework/src/Illuminate/Database/Connection.php:712)
[stacktrace]
#0 /home/tobirama/Desktop/project/mediana_deploy_projects/QamtuUser/vendor/laravel/framework/src/Illuminate/Database/Connection.php(672): Illuminate\\Database\\Connection->runQueryCallback()
#1 /home/tobirama/Desktop/project/mediana_deploy_projects/QamtuUser/vendor/laravel/framework/src/Illuminate/Database/Connection.php(502): Illuminate\\Database\\Connection->run()
#2 /home/tobirama/Desktop/project/mediana_deploy_projects/QamtuUser/vendor/laravel/framework/src/Illuminate/Database/Connection.php(454): Illuminate\\Database\\Connection->statement()
#3 /home/tobirama/Desktop/project/mediana_deploy_projects/QamtuUser/vendor/laravel/framework/src/Illuminate/Database/Query/Builder.php(2980): Illuminate\\Database\\Connection->insert()
#4 /home/tobirama/Desktop/project/mediana_deploy_projects/QamtuUser/vendor/laravel/telescope/src/Storage/DatabaseEntriesRepository.php(148): Illuminate\\Database\\Query\\Builder->insert()
#5 /home/tobirama/Desktop/project/mediana_deploy_projects/QamtuUser/vendor/laravel/framework/src/Illuminate/Collections/Traits/EnumeratesValues.php(245): Laravel\\Telescope\\Storage\\DatabaseEntriesRepository->Laravel\\Telescope\\Storage\\{closure}()
#6 /home/tobirama/Desktop/project/mediana_deploy_projects/QamtuUser/vendor/laravel/telescope/src/Storage/DatabaseEntriesRepository.php(149): Illuminate\\Support\\Collection->each()
#7 /home/tobirama/Desktop/project/mediana_deploy_projects/QamtuUser/vendor/laravel/telescope/src/Telescope.php(663): Laravel\\Telescope\\Storage\\DatabaseEntriesRepository->store()
#8 [internal function]: Laravel\\Telescope\\Telescope::Laravel\\Telescope\\{closure}()
#9 /home/tobirama/Desktop/project/mediana_deploy_projects/QamtuUser/vendor/laravel/telescope/src/Telescope.php(284): call_user_func()
#10 /home/tobirama/Desktop/project/mediana_deploy_projects/QamtuUser/vendor/laravel/telescope/src/Telescope.php(674): Laravel\\Telescope\\Telescope::withoutRecording()
#11 /home/tobirama/Desktop/project/mediana_deploy_projects/QamtuUser/vendor/laravel/telescope/src/ListensForStorageOpportunities.php(65): Laravel\\Telescope\\Telescope::store()
#12 /home/tobirama/Desktop/project/mediana_deploy_projects/QamtuUser/vendor/laravel/framework/src/Illuminate/Container/BoundMethod.php(36): Laravel\\Telescope\\Telescope::Laravel\\Telescope\\{closure}()
#13 /home/tobirama/Desktop/project/mediana_deploy_projects/QamtuUser/vendor/laravel/framework/src/Illuminate/Container/Util.php(40): Illuminate\\Container\\BoundMethod::Illuminate\\Container\\{closure}()
#14 /home/tobirama/Desktop/project/mediana_deploy_projects/QamtuUser/vendor/laravel/framework/src/Illuminate/Container/BoundMethod.php(81): Illuminate\\Container\\Util::unwrapIfClosure()
#15 /home/tobirama/Desktop/project/mediana_deploy_projects/QamtuUser/vendor/laravel/framework/src/Illuminate/Container/BoundMethod.php(37): Illuminate\\Container\\BoundMethod::callBoundMethod()
#16 /home/tobirama/Desktop/project/mediana_deploy_projects/QamtuUser/vendor/laravel/framework/src/Illuminate/Container/Container.php(653): Illuminate\\Container\\BoundMethod::call()
#17 /home/tobirama/Desktop/project/mediana_deploy_projects/QamtuUser/vendor/laravel/framework/src/Illuminate/Foundation/Application.php(1158): Illuminate\\Container\\Container->call()
#18 /home/tobirama/Desktop/project/mediana_deploy_projects/QamtuUser/vendor/laravel/framework/src/Illuminate/Foundation/Console/Kernel.php(148): Illuminate\\Foundation\\Application->terminate()
#19 /home/tobirama/Desktop/project/mediana_deploy_projects/QamtuUser/artisan(51): Illuminate\\Foundation\\Console\\Kernel->terminate()
#20 {main}

[previous exception] [object] (PDOException(code: 42S02): SQLSTATE[42S02]: Base table or view not found: 1146 Table 'portal_qamtu.telescope_entries' doesn't exist at /home/tobirama/Desktop/project/mediana_deploy_projects/QamtuUser/vendor/laravel/framework/src/Illuminate/Database/Connection.php:495)
[stacktrace]
#0 /home/tobirama/Desktop/project/mediana_deploy_projects/QamtuUser/vendor/laravel/framework/src/Illuminate/Database/Connection.php(495): PDO->prepare()
#1 /home/tobirama/Desktop/project/mediana_deploy_projects/QamtuUser/vendor/laravel/framework/src/Illuminate/Database/Connection.php(705): Illuminate\\Database\\Connection->Illuminate\\Database\\{closure}()
#2 /home/tobirama/Desktop/project/mediana_deploy_projects/QamtuUser/vendor/laravel/framework/src/Illuminate/Database/Connection.php(672): Illuminate\\Database\\Connection->runQueryCallback()
#3 /home/tobirama/Desktop/project/mediana_deploy_projects/QamtuUser/vendor/laravel/framework/src/Illuminate/Database/Connection.php(502): Illuminate\\Database\\Connection->run()
#4 /home/tobirama/Desktop/project/mediana_deploy_projects/QamtuUser/vendor/laravel/framework/src/Illuminate/Database/Connection.php(454): Illuminate\\Database\\Connection->statement()
#5 /home/tobirama/Desktop/project/mediana_deploy_projects/QamtuUser/vendor/laravel/framework/src/Illuminate/Database/Query/Builder.php(2980): Illuminate\\Database\\Connection->insert()
#6 /home/tobirama/Desktop/project/mediana_deploy_projects/QamtuUser/vendor/laravel/telescope/src/Storage/DatabaseEntriesRepository.php(148): Illuminate\\Database\\Query\\Builder->insert()
#7 /home/tobirama/Desktop/project/mediana_deploy_projects/QamtuUser/vendor/laravel/framework/src/Illuminate/Collections/Traits/EnumeratesValues.php(245): Laravel\\Telescope\\Storage\\DatabaseEntriesRepository->Laravel\\Telescope\\Storage\\{closure}()
#8 /home/tobirama/Desktop/project/mediana_deploy_projects/QamtuUser/vendor/laravel/telescope/src/Storage/DatabaseEntriesRepository.php(149): Illuminate\\Support\\Collection->each()
#9 /home/tobirama/Desktop/project/mediana_deploy_projects/QamtuUser/vendor/laravel/telescope/src/Telescope.php(663): Laravel\\Telescope\\Storage\\DatabaseEntriesRepository->store()
#10 [internal function]: Laravel\\Telescope\\Telescope::Laravel\\Telescope\\{closure}()
#11 /home/tobirama/Desktop/project/mediana_deploy_projects/QamtuUser/vendor/laravel/telescope/src/Telescope.php(284): call_user_func()
#12 /home/tobirama/Desktop/project/mediana_deploy_projects/QamtuUser/vendor/laravel/telescope/src/Telescope.php(674): Laravel\\Telescope\\Telescope::withoutRecording()
#13 /home/tobirama/Desktop/project/mediana_deploy_projects/QamtuUser/vendor/laravel/telescope/src/ListensForStorageOpportunities.php(65): Laravel\\Telescope\\Telescope::store()
#14 /home/tobirama/Desktop/project/mediana_deploy_projects/QamtuUser/vendor/laravel/framework/src/Illuminate/Container/BoundMethod.php(36): Laravel\\Telescope\\Telescope::Laravel\\Telescope\\{closure}()
#15 /home/tobirama/Desktop/project/mediana_deploy_projects/QamtuUser/vendor/laravel/framework/src/Illuminate/Container/Util.php(40): Illuminate\\Container\\BoundMethod::Illuminate\\Container\\{closure}()
#16 /home/tobirama/Desktop/project/mediana_deploy_projects/QamtuUser/vendor/laravel/framework/src/Illuminate/Container/BoundMethod.php(81): Illuminate\\Container\\Util::unwrapIfClosure()
#17 /home/tobirama/Desktop/project/mediana_deploy_projects/QamtuUser/vendor/laravel/framework/src/Illuminate/Container/BoundMethod.php(37): Illuminate\\Container\\BoundMethod::callBoundMethod()
#18 /home/tobirama/Desktop/project/mediana_deploy_projects/QamtuUser/vendor/laravel/framework/src/Illuminate/Container/Container.php(653): Illuminate\\Container\\BoundMethod::call()
#19 /home/tobirama/Desktop/project/mediana_deploy_projects/QamtuUser/vendor/laravel/framework/src/Illuminate/Foundation/Application.php(1158): Illuminate\\Container\\Container->call()
#20 /home/tobirama/Desktop/project/mediana_deploy_projects/QamtuUser/vendor/laravel/framework/src/Illuminate/Foundation/Console/Kernel.php(148): Illuminate\\Foundation\\Application->terminate()
#21 /home/tobirama/Desktop/project/mediana_deploy_projects/QamtuUser/artisan(51): Illuminate\\Foundation\\Console\\Kernel->terminate()
#22 {main}
"} 
